<?xml version="1.0" encoding="UTF-8"?>
<!-- Generated by org.testng.reporters.JUnitXMLReporter -->
<testsuite hostname="Amits-MacBook-Air.local" ignored="0" name="Test" tests="4" failures="1" timestamp="2023-03-16T20:10:38 IST" time="0.159" errors="0">
  <testcase name="createCustomer" time="0.021" classname="com.actitime.testscript.Demo"/>
  <testcase name="modifyCustomer" time="0.003" classname="com.actitime.testscript.Demo"/>
  <testcase name="deleteCustomer" time="0.002" classname="com.actitime.testscript.Demo"/>
  <testcase name="demo" time="0.006" classname="com.actitime.testscript.DemoTest">
    <failure type="java.lang.AssertionError" message="null">
      <![CDATA[java.lang.AssertionError: null
at com.actitime.testscript.DemoTest.demo(DemoTest.java:12)
at java.util.ArrayList.forEach(ArrayList.java:1259)
... Removed 29 stack frames]]>
    </failure>
  </testcase> <!-- demo -->
</testsuite> <!-- Test -->
